<?xml version="1.0" encoding="UTF-8" ?>
<testsuite tests="26" failures="0" name="com.whtr.bdd.gateway.funtion.features.com.whtr.bdd.gateway.funtion.resources.RunAllTest" time="0.257" errors="0" skipped="21">
  <properties>
[...]
</properties>
  <testcase classname="Scenario: 作为一个已注册的用户,输入正确的账号和密码能正常登录" name="Given 存在用户账号为 13800138000 ，密码为 12345678" time="0.046">
    <skipped/>
  </testcase>
  <testcase classname="Scenario: 作为一个已注册的用户,输入正确的账号和密码能正常登录" name="When 用账号 13800138000 ，密码 12345678 登录" time="0.046">
    <skipped/>
  </testcase>
  <testcase classname="Scenario: 作为一个已注册的用户,输入正确的账号和密码能正常登录" name="Then 返回结果为 登录成功" time="0.046">
    <skipped/>
  </testcase>
  <testcase classname="Scenario: 作为一个已注册的用户,输入正确的账号和密码能正常登录" name="Scenario: 作为一个已注册的用户,输入正确的账号和密码能正常登录" time="0.046">
    <skipped/>
  </testcase>
  <testcase classname="Scenario: 作为一个已注册的用户,输入正确的账号和密码能正常登录" name="Scenario: 作为一个已注册的用户,输入正确的账号和密码能正常登录" time="0.046"/>
  <testcase classname="Scenario: 3 green cukes" name="Given I have 3 green cukes" time="0">
    <skipped/>
  </testcase>
  <testcase classname="Scenario: 3 green cukes" name="When I add a table" time="0">
    <skipped/>
  </testcase>
  <testcase classname="Scenario: 3 green cukes" name="Then I should have 3 green cukes" time="0">
    <skipped/>
  </testcase>
  <testcase classname="Scenario: 3 green cukes" name="And I should have 0 yellow cukes" time="0.001">
    <skipped/>
  </testcase>
  <testcase classname="Scenario: 3 green cukes" name="Scenario: 3 green cukes" time="0.001">
    <skipped/>
  </testcase>
  <testcase classname="Scenario: 3 green cukes" name="Scenario: 3 green cukes" time="0.001"/>
  <testcase classname="Scenario: 4 green cukes" name="Given I have 4 green cukes" time="0">
    <skipped/>
  </testcase>
  <testcase classname="Scenario: 4 green cukes" name="When I add a table" time="0">
    <skipped/>
  </testcase>
  <testcase classname="Scenario: 4 green cukes" name="Then I should have 4 green cukes" time="0">
    <skipped/>
  </testcase>
  <testcase classname="Scenario: 4 green cukes" name="Scenario: 4 green cukes" time="0">
    <skipped/>
  </testcase>
  <testcase classname="Scenario: 4 green cukes" name="Scenario: 4 green cukes" time="0"/>
  <testcase classname="Scenario: 3 green and 4 yellow cukes" name="Given I have 3 green cukes" time="0.002">
    <skipped/>
  </testcase>
  <testcase classname="Scenario: 3 green and 4 yellow cukes" name="And I have 4 yellow cukes" time="0.002">
    <skipped/>
  </testcase>
  <testcase classname="Scenario: 3 green and 4 yellow cukes" name="Then I should have 3 green cukes" time="0.005">
    <skipped/>
  </testcase>
  <testcase classname="Scenario: 3 green and 4 yellow cukes" name="And I should have 4 yellow cukes" time="0.005">
    <skipped/>
  </testcase>
  <testcase classname="Scenario: 3 green and 4 yellow cukes" name="Scenario: 3 green and 4 yellow cukes" time="0.005">
    <skipped/>
  </testcase>
  <testcase classname="Scenario: 3 green and 4 yellow cukes" name="Scenario: 3 green and 4 yellow cukes" time="0.005"/>
  <testcase classname="Scenario: 99 green cukes" name="Given I have 99 green cukes" time="0">
    <skipped/>
  </testcase>
  <testcase classname="Scenario: 99 green cukes" name="Then I should have 99 green cukes" time="0">
    <skipped/>
  </testcase>
  <testcase classname="Scenario: 99 green cukes" name="Scenario: 99 green cukes" time="0">
    <skipped/>
  </testcase>
  <testcase classname="Scenario: 99 green cukes" name="Scenario: 99 green cukes" time="0"/>
</testsuite>